# JRE version: OpenJDK Runtime Environment Temurin-17.0.17+10 (17.0.17+10) (build 17.0.17+10)
# Java VM: OpenJDK 64-Bit Server VM Temurin-17.0.17+10 (17.0.17+10, mixed mode, sharing, tiered, compressed oops, compressed class ptrs, g1 gc, windows-amd64)
GC Precious Log:
 CPUs: 12 total, 12 available
 Memory: 24298M
 Large Page Support: Disabled
 NUMA Support: Disabled
 Compressed Oops: Enabled (Zero based)
 Heap Region Size: 4M
 Heap Min Capacity: 8M
 Heap Initial Capacity: 380M
 Heap Max Capacity: 6076M
 Pre-touch: Disabled
 Parallel Workers: 10
 Concurrent Workers: 3
 Concurrent Refinement Workers: 2
 Periodic GC: Disabled
Heap:
 garbage-first heap   total 253952K, used 140777K [0x0000000684400000, 0x0000000800000000)
  region size 4096K, 27 young (110592K), 1 survivors (4096K)
 Metaspace       used 51026K, committed 51520K, reserved 1114112K
  class space    used 6245K, committed 6464K, reserved 1048576K
GC Heap History (20 events):
Event: 157.192 GC heap before
{Heap before GC invocations=46 (full 0):
 garbage-first heap   total 253952K, used 185585K [0x0000000684400000, 0x0000000800000000)
  region size 4096K, 37 young (151552K), 1 survivors (4096K)
 Metaspace       used 50880K, committed 51392K, reserved 1114112K
  class space    used 6239K, committed 6464K, reserved 1048576K
}
Event: 157.193 GC heap after
{Heap after GC invocations=47 (full 0):
 garbage-first heap   total 253952K, used 38152K [0x0000000684400000, 0x0000000800000000)
  region size 4096K, 1 young (4096K), 1 survivors (4096K)
 Metaspace       used 50880K, committed 51392K, reserved 1114112K
  class space    used 6239K, committed 6464K, reserved 1048576K
}
Event: 163.359 GC heap before
{Heap before GC invocations=47 (full 0):
 garbage-first heap   total 253952K, used 185608K [0x0000000684400000, 0x0000000800000000)
  region size 4096K, 37 young (151552K), 1 survivors (4096K)
 Metaspace       used 50911K, committed 51392K, reserved 1114112K
  class space    used 6239K, committed 6464K, reserved 1048576K
}
Event: 163.360 GC heap after
{Heap after GC invocations=48 (full 0):
 garbage-first heap   total 253952K, used 38185K [0x0000000684400000, 0x0000000800000000)
  region size 4096K, 1 young (4096K), 1 survivors (4096K)
 Metaspace       used 50911K, committed 51392K, reserved 1114112K
  class space    used 6239K, committed 6464K, reserved 1048576K
}
Event: 167.329 GC heap before
{Heap before GC invocations=48 (full 0):
 garbage-first heap   total 253952K, used 185641K [0x0000000684400000, 0x0000000800000000)
  region size 4096K, 37 young (151552K), 1 survivors (4096K)
 Metaspace       used 50918K, committed 51392K, reserved 1114112K
  class space    used 6239K, committed 6464K, reserved 1048576K
}
Event: 167.331 GC heap after
{Heap after GC invocations=49 (full 0):
 garbage-first heap   total 253952K, used 38207K [0x0000000684400000, 0x0000000800000000)
  region size 4096K, 1 young (4096K), 1 survivors (4096K)
 Metaspace       used 50918K, committed 51392K, reserved 1114112K
  class space    used 6239K, committed 6464K, reserved 1048576K
}
Event: 173.504 GC heap before
{Heap before GC invocations=49 (full 0):
 garbage-first heap   total 253952K, used 185663K [0x0000000684400000, 0x0000000800000000)
  region size 4096K, 37 young (151552K), 1 survivors (4096K)
 Metaspace       used 50937K, committed 51456K, reserved 1114112K
  class space    used 6239K, committed 6464K, reserved 1048576K
}
Event: 173.505 GC heap after
{Heap after GC invocations=50 (full 0):
 garbage-first heap   total 253952K, used 38215K [0x0000000684400000, 0x0000000800000000)
  region size 4096K, 1 young (4096K), 1 survivors (4096K)
 Metaspace       used 50937K, committed 51456K, reserved 1114112K
  class space    used 6239K, committed 6464K, reserved 1048576K
}
Event: 177.617 GC heap before
{Heap before GC invocations=50 (full 0):
 garbage-first heap   total 253952K, used 185671K [0x0000000684400000, 0x0000000800000000)
  region size 4096K, 37 young (151552K), 1 survivors (4096K)
 Metaspace       used 50953K, committed 51456K, reserved 1114112K
  class space    used 6239K, committed 6464K, reserved 1048576K
}
Event: 177.619 GC heap after
{Heap after GC invocations=51 (full 0):
 garbage-first heap   total 253952K, used 38254K [0x0000000684400000, 0x0000000800000000)
  region size 4096K, 1 young (4096K), 1 survivors (4096K)
 Metaspace       used 50953K, committed 51456K, reserved 1114112K
  class space    used 6239K, committed 6464K, reserved 1048576K
}
Event: 183.355 GC heap before
{Heap before GC invocations=51 (full 0):
 garbage-first heap   total 253952K, used 185710K [0x0000000684400000, 0x0000000800000000)
  region size 4096K, 37 young (151552K), 1 survivors (4096K)
 Metaspace       used 50968K, committed 51456K, reserved 1114112K
  class space    used 6242K, committed 6464K, reserved 1048576K
}
Event: 183.356 GC heap after
{Heap after GC invocations=52 (full 0):
 garbage-first heap   total 253952K, used 38279K [0x0000000684400000, 0x0000000800000000)
  region size 4096K, 1 young (4096K), 1 survivors (4096K)
 Metaspace       used 50968K, committed 51456K, reserved 1114112K
  class space    used 6242K, committed 6464K, reserved 1048576K
}
Event: 187.340 GC heap before
{Heap before GC invocations=52 (full 0):
 garbage-first heap   total 253952K, used 185735K [0x0000000684400000, 0x0000000800000000)
  region size 4096K, 37 young (151552K), 1 survivors (4096K)
 Metaspace       used 50968K, committed 51456K, reserved 1114112K
  class space    used 6242K, committed 6464K, reserved 1048576K
}
Event: 187.341 GC heap after
{Heap after GC invocations=53 (full 0):
 garbage-first heap   total 253952K, used 38296K [0x0000000684400000, 0x0000000800000000)
  region size 4096K, 1 young (4096K), 1 survivors (4096K)
 Metaspace       used 50968K, committed 51456K, reserved 1114112K
  class space    used 6242K, committed 6464K, reserved 1048576K
}
Event: 193.200 GC heap before
{Heap before GC invocations=53 (full 0):
 garbage-first heap   total 253952K, used 185752K [0x0000000684400000, 0x0000000800000000)
  region size 4096K, 37 young (151552K), 1 survivors (4096K)
 Metaspace       used 50976K, committed 51456K, reserved 1114112K
  class space    used 6242K, committed 6464K, reserved 1048576K
}
Event: 193.201 GC heap after
{Heap after GC invocations=54 (full 0):
 garbage-first heap   total 253952K, used 38324K [0x0000000684400000, 0x0000000800000000)
  region size 4096K, 1 young (4096K), 1 survivors (4096K)
 Metaspace       used 50976K, committed 51456K, reserved 1114112K
  class space    used 6242K, committed 6464K, reserved 1048576K
}
Event: 199.180 GC heap before
{Heap before GC invocations=54 (full 0):
 garbage-first heap   total 253952K, used 185780K [0x0000000684400000, 0x0000000800000000)
  region size 4096K, 37 young (151552K), 1 survivors (4096K)
 Metaspace       used 50996K, committed 51520K, reserved 1114112K
  class space    used 6242K, committed 6464K, reserved 1048576K
}
Event: 199.181 GC heap after
{Heap after GC invocations=55 (full 0):
 garbage-first heap   total 253952K, used 38350K [0x0000000684400000, 0x0000000800000000)
  region size 4096K, 1 young (4096K), 1 survivors (4096K)
 Metaspace       used 50996K, committed 51520K, reserved 1114112K
  class space    used 6242K, committed 6464K, reserved 1048576K
}
Event: 203.212 GC heap before
{Heap before GC invocations=55 (full 0):
 garbage-first heap   total 253952K, used 185806K [0x0000000684400000, 0x0000000800000000)
  region size 4096K, 37 young (151552K), 1 survivors (4096K)
 Metaspace       used 51015K, committed 51520K, reserved 1114112K
  class space    used 6245K, committed 6464K, reserved 1048576K
}
Event: 203.213 GC heap after
{Heap after GC invocations=56 (full 0):
 garbage-first heap   total 253952K, used 38377K [0x0000000684400000, 0x0000000800000000)
  region size 4096K, 1 young (4096K), 1 survivors (4096K)
 Metaspace       used 51015K, committed 51520K, reserved 1114112K
  class space    used 6245K, committed 6464K, reserved 1048576K
}

